[debug] [2019-11-20T17:12:16.494Z] ----------------------------------------------------------------------
[debug] [2019-11-20T17:12:16.497Z] Command:       C:\Program Files\nodejs\node.exe C:\Users\staro\AppData\Roaming\npm\node_modules\firebase-tools\lib\bin\firebase.js login
[debug] [2019-11-20T17:12:16.497Z] CLI Version:   7.8.0
[debug] [2019-11-20T17:12:16.497Z] Platform:      win32
[debug] [2019-11-20T17:12:16.497Z] Node Version:  v10.16.3
[debug] [2019-11-20T17:12:16.498Z] Time:          Wed Nov 20 2019 19:12:16 GMT+0200 (GMT+02:00)
[debug] [2019-11-20T17:12:16.498Z] ----------------------------------------------------------------------
[debug] [2019-11-20T17:12:16.498Z] 
[info] i  Firebase optionally collects CLI usage and error reporting information to help improve our products. Data is collected in accordance with Google's privacy policy (https://policies.google.com/privacy) and is not used to identify you.

[info] i  To change your data collection preference at any time, run `firebase logout` and log in again.
[info] 
[info] Visit this URL on this device to log in:
[info] https://accounts.google.com/o/oauth2/auth?client_id=563584335869-fgrhgmd47bqnekij5i8b5pr03ho849e6.apps.googleusercontent.com&scope=email%20openid%20https%3A%2F%2Fwww.googleapis.com%2Fauth%2Fcloudplatformprojects.readonly%20https%3A%2F%2Fwww.googleapis.com%2Fauth%2Ffirebase%20https%3A%2F%2Fwww.googleapis.com%2Fauth%2Fcloud-platform&response_type=code&state=506190108&redirect_uri=http%3A%2F%2Flocalhost%3A9005
[info] 
[info] Waiting for authentication...
[debug] [2019-11-20T17:12:20.871Z] Error: spawn cmd ENOENT
    at Process.ChildProcess._handle.onexit (internal/child_process.js:240:19)
    at onErrorNT (internal/child_process.js:415:16)
    at process._tickCallback (internal/process/next_tick.js:63:19)
[error] 
[error] Error: An unexpected error has occurred.
[debug] [2019-11-20T17:14:34.457Z] ----------------------------------------------------------------------
[debug] [2019-11-20T17:14:34.460Z] Command:       C:\Program Files\nodejs\node.exe C:\Users\staro\AppData\Roaming\npm\node_modules\firebase-tools\lib\bin\firebase.js login
[debug] [2019-11-20T17:14:34.461Z] CLI Version:   7.8.0
[debug] [2019-11-20T17:14:34.461Z] Platform:      win32
[debug] [2019-11-20T17:14:34.461Z] Node Version:  v10.16.3
[debug] [2019-11-20T17:14:34.462Z] Time:          Wed Nov 20 2019 19:14:34 GMT+0200 (GMT+02:00)
[debug] [2019-11-20T17:14:34.462Z] ----------------------------------------------------------------------
[debug] [2019-11-20T17:14:34.462Z] 
[info] i  Firebase optionally collects CLI usage and error reporting information to help improve our products. Data is collected in accordance with Google's privacy policy (https://policies.google.com/privacy) and is not used to identify you.

[info] 
[info] Visit this URL on this device to log in:
[info] https://accounts.google.com/o/oauth2/auth?client_id=563584335869-fgrhgmd47bqnekij5i8b5pr03ho849e6.apps.googleusercontent.com&scope=email%20openid%20https%3A%2F%2Fwww.googleapis.com%2Fauth%2Fcloudplatformprojects.readonly%20https%3A%2F%2Fwww.googleapis.com%2Fauth%2Ffirebase%20https%3A%2F%2Fwww.googleapis.com%2Fauth%2Fcloud-platform&response_type=code&state=993996064&redirect_uri=http%3A%2F%2Flocalhost%3A9005
[info] 
[info] Waiting for authentication...
[debug] [2019-11-20T17:14:36.681Z] Error: spawn cmd ENOENT
    at Process.ChildProcess._handle.onexit (internal/child_process.js:240:19)
    at onErrorNT (internal/child_process.js:415:16)
    at process._tickCallback (internal/process/next_tick.js:63:19)
[error] 
[error] Error: An unexpected error has occurred.
[debug] [2019-11-20T17:15:41.133Z] ----------------------------------------------------------------------
[debug] [2019-11-20T17:15:41.135Z] Command:       C:\Program Files\nodejs\node.exe C:\Users\staro\AppData\Roaming\npm\node_modules\firebase-tools\lib\bin\firebase.js login
[debug] [2019-11-20T17:15:41.135Z] CLI Version:   7.8.0
[debug] [2019-11-20T17:15:41.135Z] Platform:      win32
[debug] [2019-11-20T17:15:41.135Z] Node Version:  v10.16.3
[debug] [2019-11-20T17:15:41.136Z] Time:          Wed Nov 20 2019 19:15:41 GMT+0200 (GMT+02:00)
[debug] [2019-11-20T17:15:41.136Z] ----------------------------------------------------------------------
[debug] [2019-11-20T17:15:41.136Z] 
[info] i  Firebase optionally collects CLI usage and error reporting information to help improve our products. Data is collected in accordance with Google's privacy policy (https://policies.google.com/privacy) and is not used to identify you.

[info] i  To change your data collection preference at any time, run `firebase logout` and log in again.
[info] 
[info] Visit this URL on this device to log in:
[info] https://accounts.google.com/o/oauth2/auth?client_id=563584335869-fgrhgmd47bqnekij5i8b5pr03ho849e6.apps.googleusercontent.com&scope=email%20openid%20https%3A%2F%2Fwww.googleapis.com%2Fauth%2Fcloudplatformprojects.readonly%20https%3A%2F%2Fwww.googleapis.com%2Fauth%2Ffirebase%20https%3A%2F%2Fwww.googleapis.com%2Fauth%2Fcloud-platform&response_type=code&state=1019273883&redirect_uri=http%3A%2F%2Flocalhost%3A9005
[info] 
[info] Waiting for authentication...
[debug] [2019-11-20T17:15:43.311Z] Error: spawn cmd ENOENT
    at Process.ChildProcess._handle.onexit (internal/child_process.js:240:19)
    at onErrorNT (internal/child_process.js:415:16)
    at process._tickCallback (internal/process/next_tick.js:63:19)
[error] 
[error] Error: An unexpected error has occurred.
